<?xml version="1.0" encoding="UTF-8"?>
<ruleset id="websphere-mq"
        xmlns="http://windup.jboss.org/schema/jboss-ruleset"
        xmlns:xsi="http://www.w3.org/2001/XMLSchema-instance"
        xsi:schemaLocation="http://windup.jboss.org/schema/jboss-ruleset http://windup.jboss.org/schema/jboss-ruleset/windup-jboss-ruleset.xsd">

    <metadata>
        <description>
            Provides analysis of WebSphere JMS proprietary classes and constructs that may require individual attention when migrating to JBoss EAP 6+.
        </description>
        <dependencies>
            <addon id="org.jboss.windup.rules,windup-rules-javaee,2.2.0.Final"/>
            <addon id="org.jboss.windup.rules,windup-rules-java,2.2.0.Final"/>
        </dependencies>
    </metadata>
    <rules></rules>
</ruleset>